[1229/201804.950:ERROR:directory_reader_win.cc(43)] FindFirstFile: ï¿½tï¿½Î§ä¤£ï¿½ï¿½ï¿½ï¿½wï¿½ï¿½ï¿½ï¿½ï¿½|ï¿½C (0x3)
[1230/091717.072:ERROR:directory_reader_win.cc(43)] FindFirstFile: ï¿½tï¿½Î§ä¤£ï¿½ï¿½ï¿½ï¿½wï¿½ï¿½ï¿½ï¿½ï¿½|ï¿½C (0x3)
[1231/103627.538:ERROR:directory_reader_win.cc(43)] FindFirstFile: ï¿½tï¿½Î§ä¤£ï¿½ï¿½ï¿½ï¿½wï¿½ï¿½ï¿½ï¿½ï¿½|ï¿½C (0x3)
[1231/163722.604:ERROR:directory_reader_win.cc(43)] FindFirstFile: ï¿½tï¿½Î§ä¤£ï¿½ï¿½ï¿½ï¿½wï¿½ï¿½ï¿½ï¿½ï¿½|ï¿½C (0x3)
[0102/220836.556:ERROR:directory_reader_win.cc(43)] FindFirstFile: ï¿½tï¿½Î§ä¤£ï¿½ï¿½ï¿½ï¿½wï¿½ï¿½ï¿½ï¿½ï¿½|ï¿½C (0x3)
[0103/101929.385:ERROR:directory_reader_win.cc(43)] FindFirstFile: ï¿½tï¿½Î§ä¤£ï¿½ï¿½ï¿½ï¿½wï¿½ï¿½ï¿½ï¿½ï¿½|ï¿½C (0x3)
[0103/192507.921:ERROR:directory_reader_win.cc(43)] FindFirstFile: ï¿½tï¿½Î§ä¤£ï¿½ï¿½ï¿½ï¿½wï¿½ï¿½ï¿½ï¿½ï¿½|ï¿½C (0x3)
[0104/090825.050:ERROR:directory_reader_win.cc(43)] FindFirstFile: ï¿½tï¿½Î§ä¤£ï¿½ï¿½ï¿½ï¿½wï¿½ï¿½ï¿½ï¿½ï¿½|ï¿½C (0x3)
[0106/104621.511:ERROR:directory_reader_win.cc(43)] FindFirstFile: ¨t²Î§ä¤£¨ì«ü©wªº¸ô®|¡C (0x3)
[0108/183037.879:ERROR:directory_reader_win.cc(43)] FindFirstFile: ¨t²Î§ä¤£¨ì«ü©wªº¸ô®|¡C (0x3)
[0108/185526.112:ERROR:process_info.cc(329)] VirtualQueryEx: ¦s¨ú³Q©Ú¡C (0x5)
[0108/185526.112:ERROR:process_info.cc(556)] ReadMemoryInfo failed
[0108/185526.112:ERROR:scoped_process_suspend.cc(40)] NtResumeProcess: ¹Á¸Õ¦s¨ú²{¦³ªº³B²zµ{§Ç¡C (0xc000010a)
[0114/224043.135:ERROR:directory_reader_win.cc(43)] FindFirstFile: ¨t²Î§ä¤£¨ì«ü©wªº¸ô®|¡C (0x3)
[0115/094657.844:ERROR:directory_reader_win.cc(43)] FindFirstFile: ¨t²Î§ä¤£¨ì«ü©wªº¸ô®|¡C (0x3)
[0116/092926.851:ERROR:directory_reader_win.cc(43)] FindFirstFile: ¨t²Î§ä¤£¨ì«ü©wªº¸ô®|¡C (0x3)
[0116/094037.967:ERROR:directory_reader_win.cc(43)] FindFirstFile: ¨t²Î§ä¤£¨ì«ü©wªº¸ô®|¡C (0x3)
[0118/104236.278:ERROR:directory_reader_win.cc(43)] FindFirstFile: ¨t²Î§ä¤£¨ì«ü©wªº¸ô®|¡C (0x3)
[0118/150324.182:ERROR:process_info.cc(359)] UncheckedAllocate
[0118/151849.712:ERROR:process_info.cc(359)] UncheckedAllocate
[0118/214225.083:ERROR:directory_reader_win.cc(43)] FindFirstFile: ¨t²Î§ä¤£¨ì«ü©wªº¸ô®|¡C (0x3)
[0119/104724.232:ERROR:directory_reader_win.cc(43)] FindFirstFile: ¨t²Î§ä¤£¨ì«ü©wªº¸ô®|¡C (0x3)
