[1229/201804.950:ERROR:directory_reader_win.cc(43)] FindFirstFile: ï¿½tï¿½Î§ä¤£ï¿½ï¿½ï¿½ï¿½wï¿½ï¿½ï¿½ï¿½ï¿½|ï¿½C (0x3)
[1230/091717.072:ERROR:directory_reader_win.cc(43)] FindFirstFile: ï¿½tï¿½Î§ä¤£ï¿½ï¿½ï¿½ï¿½wï¿½ï¿½ï¿½ï¿½ï¿½|ï¿½C (0x3)
[1231/103627.538:ERROR:directory_reader_win.cc(43)] FindFirstFile: ï¿½tï¿½Î§ä¤£ï¿½ï¿½ï¿½ï¿½wï¿½ï¿½ï¿½ï¿½ï¿½|ï¿½C (0x3)
[1231/163722.604:ERROR:directory_reader_win.cc(43)] FindFirstFile: ï¿½tï¿½Î§ä¤£ï¿½ï¿½ï¿½ï¿½wï¿½ï¿½ï¿½ï¿½ï¿½|ï¿½C (0x3)
[0102/220836.556:ERROR:directory_reader_win.cc(43)] FindFirstFile: ï¿½tï¿½Î§ä¤£ï¿½ï¿½ï¿½ï¿½wï¿½ï¿½ï¿½ï¿½ï¿½|ï¿½C (0x3)
[0103/101929.385:ERROR:directory_reader_win.cc(43)] FindFirstFile: ï¿½tï¿½Î§ä¤£ï¿½ï¿½ï¿½ï¿½wï¿½ï¿½ï¿½ï¿½ï¿½|ï¿½C (0x3)
[0103/192507.921:ERROR:directory_reader_win.cc(43)] FindFirstFile: ï¿½tï¿½Î§ä¤£ï¿½ï¿½ï¿½ï¿½wï¿½ï¿½ï¿½ï¿½ï¿½|ï¿½C (0x3)
[0104/090825.050:ERROR:directory_reader_win.cc(43)] FindFirstFile: ï¿½tï¿½Î§ä¤£ï¿½ï¿½ï¿½ï¿½wï¿½ï¿½ï¿½ï¿½ï¿½|ï¿½C (0x3)
<<<<<<< HEAD
s[0112/104316.907:ERROR:directory_reader_win.cc(43)] FindFirstFile: ¨t²Î§ä¤£¨ì«ü©wªº¸ô®|¡C (0x3)
[0113/185441.584:ERROR:directory_reader_win.cc(43)] FindFirstFile: ¨t²Î§ä¤£¨ì«ü©wªº¸ô®|¡C (0x3)
[0116/092554.721:ERROR:directory_reader_win.cc(43)] FindFirstFile: ¨t²Î§ä¤£¨ì«ü©wªº¸ô®|¡C (0x3)
[0118/102006.374:ERROR:directory_reader_win.cc(43)] FindFirstFile: ¨t²Î§ä¤£¨ì«ü©wªº¸ô®|¡C (0x3)
[0119/095642.492:ERROR:directory_reader_win.cc(43)] FindFirstFile: ¨t²Î§ä¤£¨ì«ü©wªº¸ô®|¡C (0x3)
[0120/211558.408:ERROR:directory_reader_win.cc(43)] FindFirstFile: ¨t²Î§ä¤£¨ì«ü©wªº¸ô®|¡C (0x3)
[0121/175651.655:ERROR:directory_reader_win.cc(43)] FindFirstFile: ¨t²Î§ä¤£¨ì«ü©wªº¸ô®|¡C (0x3)
=======
s[0108/115938.686:ERROR:directory_reader_win.cc(43)] FindFirstFile: ï¿½tï¿½Î§ä¤£ï¿½ï¿½ï¿½ï¿½wï¿½ï¿½ï¿½ï¿½ï¿½|ï¿½C (0x3)
[0114/104731.514:ERROR:directory_reader_win.cc(43)] FindFirstFile: ï¿½tï¿½Î§ä¤£ï¿½ï¿½ï¿½ï¿½wï¿½ï¿½ï¿½ï¿½ï¿½|ï¿½C (0x3)
[0119/103243.828:ERROR:directory_reader_win.cc(43)] FindFirstFile: ¨t²Î§ä¤£¨ì«ü©wªº¸ô®|¡C (0x3)
[0120/204227.951:ERROR:directory_reader_win.cc(43)] FindFirstFile: ¨t²Î§ä¤£¨ì«ü©wªº¸ô®|¡C (0x3)
[0121/103032.485:ERROR:directory_reader_win.cc(43)] FindFirstFile: ¨t²Î§ä¤£¨ì«ü©wªº¸ô®|¡C (0x3)
>>>>>>> 903f70c83b1325388a24207e9da433c16f0aa1e4
[0122/115352.165:ERROR:directory_reader_win.cc(43)] FindFirstFile: ¨t²Î§ä¤£¨ì«ü©wªº¸ô®|¡C (0x3)
[0126/220206.672:ERROR:directory_reader_win.cc(43)] FindFirstFile: ¨t²Î§ä¤£¨ì«ü©wªº¸ô®|¡C (0x3)
[0127/183815.173:ERROR:directory_reader_win.cc(43)] FindFirstFile: ¨t²Î§ä¤£¨ì«ü©wªº¸ô®|¡C (0x3)
